<?xml version="1.0" ?>
<coverage branch-rate="0.07413" branches-covered="51" branches-valid="688" complexity="0" line-rate="0.2261" lines-covered="357" lines-valid="1579" timestamp="1574342930840" version="4.5.4">
	<!-- Generated by coverage.py: https://coverage.readthedocs.io -->
	<!-- Based on https://raw.githubusercontent.com/cobertura/web/master/htdocs/xml/coverage-04.dtd -->
	<sources>
		<source>/home/schm_li/Documents/git/contour-maps-visualization/contour_visualization</source>
	</sources>
	<packages>
		<package branch-rate="0.07413" complexity="0" line-rate="0.2261" name=".">
			<classes>
				<class branch-rate="1" complexity="0" filename="Distribution.py" line-rate="0.4444" name="Distribution.py">
					<methods/>
					<lines>
						<line hits="1" number="1"/>
						<line hits="1" number="4"/>
						<line hits="1" number="9"/>
						<line hits="0" number="20"/>
						<line hits="0" number="21"/>
						<line hits="0" number="22"/>
						<line hits="0" number="23"/>
						<line hits="0" number="24"/>
						<line hits="0" number="25"/>
						<line hits="1" number="27"/>
						<line hits="0" number="35"/>
						<line hits="1" number="37"/>
						<line hits="1" number="38"/>
						<line hits="0" number="49"/>
						<line hits="1" number="51"/>
						<line hits="0" number="52"/>
						<line hits="1" number="54"/>
						<line hits="0" number="55"/>
					</lines>
				</class>
				<class branch-rate="0" complexity="0" filename="Gaussian.py" line-rate="0.2121" name="Gaussian.py">
					<methods/>
					<lines>
						<line hits="1" number="1"/>
						<line hits="1" number="3"/>
						<line hits="1" number="4"/>
						<line hits="1" number="6"/>
						<line hits="1" number="8"/>
						<line hits="1" number="10"/>
						<line hits="1" number="13"/>
						<line branch="true" condition-coverage="0% (0/2)" hits="0" missing-branches="exit,15" number="14"/>
						<line hits="0" number="15"/>
						<line hits="0" number="18"/>
						<line hits="0" number="21"/>
						<line hits="0" number="22"/>
						<line hits="0" number="23"/>
						<line hits="1" number="27"/>
						<line branch="true" condition-coverage="0% (0/2)" hits="0" missing-branches="35,43" number="34"/>
						<line hits="0" number="35"/>
						<line hits="0" number="43"/>
						<line hits="1" number="46"/>
						<line hits="1" number="51"/>
						<line hits="0" number="59"/>
						<line branch="true" condition-coverage="0% (0/2)" hits="0" missing-branches="62,64" number="61"/>
						<line hits="0" number="62"/>
						<line hits="0" number="63"/>
						<line branch="true" condition-coverage="0% (0/2)" hits="0" missing-branches="65,66" number="64"/>
						<line hits="0" number="65"/>
						<line hits="0" number="66"/>
						<line branch="true" condition-coverage="0% (0/2)" hits="0" missing-branches="69,71" number="68"/>
						<line hits="0" number="69"/>
						<line hits="0" number="70"/>
						<line branch="true" condition-coverage="0% (0/3)" hits="0" missing-branches="exit,72,73" number="71"/>
						<line hits="0" number="72"/>
						<line hits="0" number="73"/>
						<line hits="0" number="74"/>
						<line branch="true" condition-coverage="0% (0/2)" hits="0" missing-branches="76,79" number="75"/>
						<line hits="0" number="76"/>
						<line hits="0" number="77"/>
						<line hits="0" number="79"/>
						<line hits="0" number="80"/>
						<line hits="0" number="81"/>
						<line hits="0" number="82"/>
						<line hits="0" number="83"/>
						<line hits="0" number="84"/>
						<line hits="1" number="86"/>
						<line hits="0" number="87"/>
						<line hits="1" number="89"/>
						<line branch="true" condition-coverage="0% (0/2)" hits="0" missing-branches="91,92" number="90"/>
						<line hits="0" number="91"/>
						<line branch="true" condition-coverage="0% (0/2)" hits="0" missing-branches="93,94" number="92"/>
						<line hits="0" number="93"/>
						<line branch="true" condition-coverage="0% (0/2)" hits="0" missing-branches="95,96" number="94"/>
						<line hits="0" number="95"/>
						<line branch="true" condition-coverage="0% (0/2)" hits="0" missing-branches="97,98" number="96"/>
						<line hits="0" number="97"/>
						<line branch="true" condition-coverage="0% (0/2)" hits="0" missing-branches="99,100" number="98"/>
						<line hits="0" number="99"/>
						<line hits="0" number="100"/>
						<line hits="0" number="101"/>
						<line hits="0" number="102"/>
						<line hits="0" number="103"/>
						<line hits="0" number="104"/>
						<line hits="0" number="105"/>
						<line hits="0" number="106"/>
						<line hits="1" number="108"/>
						<line hits="0" number="109"/>
						<line hits="1" number="111"/>
						<line hits="0" number="112"/>
					</lines>
				</class>
				<class branch-rate="0" complexity="0" filename="MixtureModel.py" line-rate="0" name="MixtureModel.py">
					<methods/>
					<lines>
						<line hits="0" number="1"/>
						<line hits="0" number="3"/>
						<line hits="0" number="4"/>
						<line hits="0" number="5"/>
						<line hits="0" number="7"/>
						<line hits="0" number="10"/>
						<line hits="0" number="11"/>
						<line hits="0" number="12"/>
						<line hits="0" number="13"/>
						<line branch="true" condition-coverage="0% (0/2)" hits="0" missing-branches="15,18" number="14"/>
						<line hits="0" number="15"/>
						<line hits="0" number="16"/>
						<line hits="0" number="17"/>
						<line hits="0" number="18"/>
						<line hits="0" number="21"/>
						<line hits="0" number="22"/>
						<line branch="true" condition-coverage="0% (0/2)" hits="0" missing-branches="26,28" number="25"/>
						<line hits="0" number="26"/>
						<line hits="0" number="28"/>
						<line hits="0" number="29"/>
						<line hits="0" number="30"/>
						<line hits="0" number="31"/>
						<line hits="0" number="33"/>
						<line hits="0" number="35"/>
						<line hits="0" number="36"/>
						<line hits="0" number="37"/>
						<line hits="0" number="39"/>
						<line hits="0" number="41"/>
						<line hits="0" number="42"/>
						<line branch="true" condition-coverage="0% (0/2)" hits="0" missing-branches="44,52" number="43"/>
						<line hits="0" number="44"/>
						<line hits="0" number="45"/>
						<line hits="0" number="46"/>
						<line hits="0" number="47"/>
						<line hits="0" number="48"/>
						<line hits="0" number="49"/>
						<line hits="0" number="50"/>
						<line hits="0" number="52"/>
					</lines>
				</class>
				<class branch-rate="0" complexity="0" filename="ModelbaseDistribution.py" line-rate="0.2778" name="ModelbaseDistribution.py">
					<methods/>
					<lines>
						<line hits="1" number="1"/>
						<line hits="1" number="2"/>
						<line hits="1" number="3"/>
						<line hits="1" number="5"/>
						<line hits="1" number="6"/>
						<line hits="1" number="8"/>
						<line hits="1" number="9"/>
						<line hits="1" number="10"/>
						<line hits="1" number="11"/>
						<line hits="1" number="13"/>
						<line hits="1" number="16"/>
						<line hits="1" number="21"/>
						<line hits="0" number="30"/>
						<line branch="true" condition-coverage="0% (0/2)" hits="0" missing-branches="32,38" number="31"/>
						<line hits="0" number="32"/>
						<line hits="0" number="35"/>
						<line hits="0" number="36"/>
						<line hits="0" number="37"/>
						<line hits="0" number="38"/>
						<line hits="0" number="39"/>
						<line hits="0" number="40"/>
						<line hits="0" number="41"/>
						<line hits="0" number="42"/>
						<line branch="true" condition-coverage="0% (0/2)" hits="0" missing-branches="44,47" number="43"/>
						<line hits="0" number="44"/>
						<line hits="0" number="45"/>
						<line hits="0" number="47"/>
						<line hits="0" number="48"/>
						<line hits="0" number="49"/>
						<line hits="0" number="50"/>
						<line hits="0" number="51"/>
						<line hits="0" number="52"/>
						<line hits="1" number="54"/>
						<line branch="true" condition-coverage="0% (0/2)" hits="0" missing-branches="56,57" number="55"/>
						<line hits="0" number="56"/>
						<line branch="true" condition-coverage="0% (0/2)" hits="0" missing-branches="58,59" number="57"/>
						<line hits="0" number="58"/>
						<line branch="true" condition-coverage="0% (0/2)" hits="0" missing-branches="60,61" number="59"/>
						<line hits="0" number="60"/>
						<line branch="true" condition-coverage="0% (0/2)" hits="0" missing-branches="62,63" number="61"/>
						<line hits="0" number="62"/>
						<line branch="true" condition-coverage="0% (0/2)" hits="0" missing-branches="64,65" number="63"/>
						<line hits="0" number="64"/>
						<line hits="0" number="65"/>
						<line hits="0" number="66"/>
						<line hits="0" number="67"/>
						<line hits="0" number="68"/>
						<line hits="0" number="69"/>
						<line hits="0" number="70"/>
						<line hits="0" number="71"/>
						<line hits="1" number="73"/>
						<line hits="0" number="74"/>
						<line hits="1" number="76"/>
						<line hits="0" number="77"/>
					</lines>
				</class>
				<class branch-rate="1" complexity="0" filename="__init__.py" line-rate="1" name="__init__.py">
					<methods/>
					<lines>
						<line hits="1" number="1"/>
					</lines>
				</class>
				<class branch-rate="1" complexity="0" filename="c_color_blending_operator.py" line-rate="0" name="c_color_blending_operator.py">
					<methods/>
					<lines>
						<line hits="0" number="1"/>
						<line hits="0" number="2"/>
						<line hits="0" number="3"/>
						<line hits="0" number="4"/>
						<line hits="0" number="6"/>
						<line hits="0" number="8"/>
						<line hits="0" number="10"/>
						<line hits="0" number="11"/>
						<line hits="0" number="12"/>
						<line hits="0" number="13"/>
						<line hits="0" number="14"/>
						<line hits="0" number="17"/>
						<line hits="0" number="19"/>
						<line hits="0" number="20"/>
						<line hits="0" number="23"/>
						<line hits="0" number="33"/>
						<line hits="0" number="34"/>
						<line hits="0" number="35"/>
						<line hits="0" number="38"/>
						<line hits="0" number="41"/>
						<line hits="0" number="42"/>
						<line hits="0" number="46"/>
						<line hits="0" number="49"/>
						<line hits="0" number="50"/>
						<line hits="0" number="51"/>
					</lines>
				</class>
				<class branch-rate="0" complexity="0" filename="c_picture_worker.py" line-rate="0.2874" name="c_picture_worker.py">
					<methods/>
					<lines>
						<line hits="1" number="1"/>
						<line hits="1" number="2"/>
						<line hits="1" number="3"/>
						<line hits="1" number="4"/>
						<line hits="1" number="6"/>
						<line hits="1" number="7"/>
						<line hits="1" number="8"/>
						<line hits="1" number="9"/>
						<line hits="0" number="10"/>
						<line hits="0" number="11"/>
						<line hits="0" number="13"/>
						<line hits="1" number="15"/>
						<line hits="1" number="18"/>
						<line hits="1" number="19"/>
						<line hits="1" number="23"/>
						<line hits="1" number="26"/>
						<line hits="1" number="29"/>
						<line hits="0" number="30"/>
						<line hits="1" number="33"/>
						<line hits="0" number="42"/>
						<line branch="true" condition-coverage="0% (0/2)" hits="0" missing-branches="exit,44" number="43"/>
						<line branch="true" condition-coverage="0% (0/2)" hits="0" missing-branches="exit,45" number="44"/>
						<line branch="true" condition-coverage="0% (0/2)" hits="0" missing-branches="46,63" number="45"/>
						<line branch="true" condition-coverage="0% (0/2)" hits="0" missing-branches="47,53" number="46"/>
						<line hits="0" number="47"/>
						<line branch="true" condition-coverage="0% (0/2)" hits="0" missing-branches="49,52" number="48"/>
						<line hits="0" number="49"/>
						<line branch="true" condition-coverage="0% (0/2)" hits="0" missing-branches="48,51" number="50"/>
						<line hits="0" number="51"/>
						<line hits="0" number="52"/>
						<line hits="0" number="53"/>
						<line branch="true" condition-coverage="0% (0/2)" hits="0" missing-branches="56,61" number="55"/>
						<line hits="0" number="56"/>
						<line branch="true" condition-coverage="0% (0/2)" hits="0" missing-branches="58,60" number="57"/>
						<line hits="0" number="58"/>
						<line hits="0" number="59"/>
						<line hits="0" number="60"/>
						<line hits="0" number="61"/>
						<line hits="0" number="63"/>
						<line hits="0" number="64"/>
						<line hits="0" number="65"/>
						<line hits="0" number="66"/>
						<line hits="0" number="67"/>
						<line hits="0" number="70"/>
						<line hits="1" number="73"/>
						<line hits="1" number="75"/>
						<line hits="1" number="77"/>
						<line hits="1" number="80"/>
						<line hits="0" number="90"/>
						<line hits="0" number="92"/>
						<line hits="0" number="93"/>
						<line branch="true" condition-coverage="0% (0/2)" hits="0" missing-branches="exit,95" number="94"/>
						<line branch="true" condition-coverage="0% (0/2)" hits="0" missing-branches="exit,97" number="95"/>
						<line hits="0" number="97"/>
						<line hits="0" number="98"/>
						<line hits="0" number="99"/>
						<line hits="0" number="101"/>
						<line hits="0" number="104"/>
						<line hits="0" number="106"/>
						<line hits="1" number="110"/>
						<line hits="1" number="112"/>
						<line hits="1" number="115"/>
						<line hits="0" number="116"/>
						<line hits="0" number="118"/>
						<line hits="0" number="119"/>
						<line branch="true" condition-coverage="0% (0/2)" hits="0" missing-branches="exit,121" number="120"/>
						<line branch="true" condition-coverage="0% (0/2)" hits="0" missing-branches="exit,123" number="121"/>
						<line hits="0" number="123"/>
						<line hits="0" number="124"/>
						<line hits="0" number="125"/>
						<line hits="0" number="127"/>
						<line hits="0" number="130"/>
						<line hits="0" number="133"/>
						<line hits="1" number="137"/>
						<line hits="1" number="139"/>
						<line hits="1" number="142"/>
						<line hits="0" number="152"/>
						<line hits="0" number="154"/>
						<line hits="0" number="155"/>
						<line branch="true" condition-coverage="0% (0/2)" hits="0" missing-branches="exit,157" number="156"/>
						<line branch="true" condition-coverage="0% (0/2)" hits="0" missing-branches="exit,159" number="157"/>
						<line hits="0" number="159"/>
						<line hits="0" number="160"/>
						<line hits="0" number="161"/>
						<line hits="0" number="163"/>
						<line hits="0" number="166"/>
						<line hits="0" number="168"/>
					</lines>
				</class>
				<class branch-rate="0" complexity="0" filename="color_blending_operator.py" line-rate="0" name="color_blending_operator.py">
					<methods/>
					<lines>
						<line hits="0" number="1"/>
						<line hits="0" number="3"/>
						<line hits="0" number="6"/>
						<line hits="0" number="17"/>
						<line hits="0" number="18"/>
						<line hits="0" number="19"/>
						<line hits="0" number="22"/>
						<line hits="0" number="32"/>
						<line hits="0" number="33"/>
						<line branch="true" condition-coverage="0% (0/2)" hits="0" missing-branches="35,37" number="34"/>
						<line hits="0" number="35"/>
						<line hits="0" number="37"/>
						<line hits="0" number="40"/>
						<line hits="0" number="41"/>
						<line hits="0" number="42"/>
						<line hits="0" number="43"/>
						<line hits="0" number="44"/>
						<line hits="0" number="47"/>
						<line branch="true" condition-coverage="0% (0/2)" hits="0" missing-branches="49,50" number="48"/>
						<line hits="0" number="49"/>
						<line branch="true" condition-coverage="0% (0/2)" hits="0" missing-branches="51,52" number="50"/>
						<line hits="0" number="51"/>
						<line hits="0" number="52"/>
						<line hits="0" number="55"/>
						<line hits="0" number="65"/>
						<line hits="0" number="66"/>
						<line hits="0" number="67"/>
						<line hits="0" number="70"/>
						<line hits="0" number="71"/>
						<line branch="true" condition-coverage="0% (0/2)" hits="0" missing-branches="73,74" number="72"/>
						<line hits="0" number="73"/>
						<line hits="0" number="74"/>
						<line hits="0" number="77"/>
						<line branch="true" condition-coverage="0% (0/2)" hits="0" missing-branches="79,80" number="78"/>
						<line hits="0" number="79"/>
						<line branch="true" condition-coverage="0% (0/2)" hits="0" missing-branches="81,82" number="80"/>
						<line hits="0" number="81"/>
						<line hits="0" number="82"/>
						<line hits="0" number="83"/>
						<line hits="0" number="86"/>
						<line branch="true" condition-coverage="0% (0/2)" hits="0" missing-branches="88,89" number="87"/>
						<line hits="0" number="88"/>
						<line branch="true" condition-coverage="0% (0/2)" hits="0" missing-branches="90,91" number="89"/>
						<line hits="0" number="90"/>
						<line hits="0" number="91"/>
						<line hits="0" number="92"/>
						<line hits="0" number="95"/>
						<line hits="0" number="96"/>
						<line hits="0" number="97"/>
						<line hits="0" number="98"/>
					</lines>
				</class>
				<class branch-rate="0" complexity="0" filename="color_converter.py" line-rate="0" name="color_converter.py">
					<methods/>
					<lines>
						<line hits="0" number="1"/>
						<line branch="true" condition-coverage="0% (0/2)" hits="0" missing-branches="exit,exit" number="8"/>
						<line hits="0" number="11"/>
						<line branch="true" condition-coverage="0% (0/2)" hits="0" missing-branches="exit,exit" number="12"/>
						<line hits="0" number="15"/>
						<line hits="0" number="16"/>
						<line hits="0" number="17"/>
						<line branch="true" condition-coverage="0% (0/2)" hits="0" missing-branches="exit,exit" number="18"/>
						<line hits="0" number="21"/>
						<line branch="true" condition-coverage="0% (0/2)" hits="0" missing-branches="exit,exit" number="22"/>
						<line hits="0" number="25"/>
						<line branch="true" condition-coverage="0% (0/2)" hits="0" missing-branches="exit,exit" number="26"/>
						<line hits="0" number="29"/>
						<line branch="true" condition-coverage="0% (0/2)" hits="0" missing-branches="exit,exit" number="30"/>
					</lines>
				</class>
				<class branch-rate="0" complexity="0" filename="color_operations.py" line-rate="0.1852" name="color_operations.py">
					<methods/>
					<lines>
						<line hits="1" number="1"/>
						<line hits="1" number="3"/>
						<line hits="1" number="4"/>
						<line hits="1" number="6"/>
						<line hits="1" number="9"/>
						<line branch="true" condition-coverage="0% (0/2)" hits="0" missing-branches="24,47" number="23"/>
						<line hits="0" number="24"/>
						<line hits="0" number="25"/>
						<line hits="0" number="26"/>
						<line branch="true" condition-coverage="0% (0/2)" hits="0" missing-branches="28,48" number="27"/>
						<line branch="true" condition-coverage="0% (0/2)" hits="0" missing-branches="27,29" number="28"/>
						<line branch="true" condition-coverage="0% (0/2)" hits="0" missing-branches="30,40" number="29"/>
						<line branch="true" condition-coverage="0% (0/2)" hits="0" missing-branches="31,36" number="30"/>
						<line hits="0" number="31"/>
						<line hits="0" number="32"/>
						<line hits="0" number="33"/>
						<line hits="0" number="34"/>
						<line hits="0" number="36"/>
						<line hits="0" number="37"/>
						<line hits="0" number="38"/>
						<line hits="0" number="40"/>
						<line hits="0" number="41"/>
						<line hits="0" number="42"/>
						<line hits="0" number="43"/>
						<line hits="0" number="44"/>
						<line hits="0" number="47"/>
						<line hits="0" number="48"/>
					</lines>
				</class>
				<class branch-rate="0.04878" complexity="0" filename="color_schemes.py" line-rate="0.3617" name="color_schemes.py">
					<methods/>
					<lines>
						<line hits="1" number="1"/>
						<line hits="1" number="2"/>
						<line hits="1" number="4"/>
						<line hits="1" number="5"/>
						<line hits="1" number="6"/>
						<line hits="1" number="8"/>
						<line hits="1" number="10"/>
						<line hits="1" number="12"/>
						<line hits="1" number="15"/>
						<line branch="true" condition-coverage="0% (0/2)" hits="0" missing-branches="17,18" number="16"/>
						<line hits="0" number="17"/>
						<line branch="true" condition-coverage="0% (0/2)" hits="0" missing-branches="exit,19" number="18"/>
						<line hits="0" number="19"/>
						<line hits="1" number="22"/>
						<line hits="0" number="32"/>
						<line hits="0" number="33"/>
						<line hits="0" number="34"/>
						<line branch="true" condition-coverage="0% (0/2)" hits="0" missing-branches="exit,37" number="35"/>
						<line branch="true" condition-coverage="0% (0/2)" hits="0" missing-branches="38,39" number="37"/>
						<line hits="0" number="38"/>
						<line hits="0" number="39"/>
						<line hits="0" number="40"/>
						<line hits="1" number="55"/>
						<line hits="1" number="68"/>
						<line hits="1" number="81"/>
						<line hits="1" number="94"/>
						<line hits="1" number="107"/>
						<line hits="1" number="120"/>
						<line hits="1" number="133"/>
						<line hits="1" number="135"/>
						<line hits="1" number="137"/>
						<line hits="1" number="138"/>
						<line hits="1" number="141"/>
						<line branch="true" condition-coverage="100% (2/2)" hits="1" number="146"/>
						<line hits="1" number="151"/>
						<line hits="1" number="156"/>
						<line hits="1" number="159"/>
						<line hits="0" number="160"/>
						<line hits="1" number="163"/>
						<line hits="1" number="169"/>
						<line hits="1" number="172"/>
						<line branch="true" condition-coverage="0% (0/2)" hits="0" missing-branches="exit,exit" number="173"/>
						<line hits="1" number="176"/>
						<line hits="0" number="186"/>
						<line hits="0" number="187"/>
						<line hits="1" number="190"/>
						<line branch="true" condition-coverage="0% (0/2)" hits="0" missing-branches="203,206" number="202"/>
						<line hits="0" number="203"/>
						<line branch="true" condition-coverage="0% (0/2)" hits="0" missing-branches="207,210" number="206"/>
						<line hits="0" number="207"/>
						<line hits="0" number="210"/>
						<line hits="0" number="211"/>
						<line hits="0" number="212"/>
						<line branch="true" condition-coverage="0% (0/2)" hits="0" missing-branches="215,222" number="213"/>
						<line hits="0" number="215"/>
						<line hits="0" number="216"/>
						<line hits="0" number="217"/>
						<line branch="true" condition-coverage="0% (0/2)" hits="0" missing-branches="219,221" number="218"/>
						<line hits="0" number="219"/>
						<line hits="0" number="221"/>
						<line branch="true" condition-coverage="0% (0/2)" hits="0" missing-branches="223,224" number="222"/>
						<line hits="0" number="223"/>
						<line hits="0" number="224"/>
						<line hits="0" number="225"/>
						<line hits="1" number="228"/>
						<line hits="0" number="239"/>
						<line hits="0" number="240"/>
						<line hits="0" number="241"/>
						<line hits="0" number="242"/>
						<line hits="0" number="243"/>
						<line branch="true" condition-coverage="0% (0/3)" hits="0" missing-branches="exit,245,247" number="244"/>
						<line branch="true" condition-coverage="0% (0/2)" hits="0" missing-branches="exit,248" number="245"/>
						<line branch="true" condition-coverage="0% (0/2)" hits="0" missing-branches="exit,248" number="247"/>
						<line branch="true" condition-coverage="0% (0/2)" hits="0" missing-branches="exit,249" number="248"/>
						<line branch="true" condition-coverage="0% (0/2)" hits="0" missing-branches="250,251" number="249"/>
						<line hits="0" number="250"/>
						<line hits="0" number="251"/>
						<line hits="0" number="252"/>
						<line hits="1" number="255"/>
						<line branch="true" condition-coverage="0% (0/2)" hits="0" missing-branches="257,258" number="256"/>
						<line hits="0" number="257"/>
						<line branch="true" condition-coverage="0% (0/2)" hits="0" missing-branches="259,261" number="258"/>
						<line hits="0" number="259"/>
						<line hits="0" number="261"/>
						<line hits="0" number="262"/>
						<line hits="1" number="265"/>
						<line hits="0" number="273"/>
						<line branch="true" condition-coverage="0% (0/2)" hits="0" missing-branches="exit,276" number="274"/>
						<line branch="true" condition-coverage="0% (0/2)" hits="0" missing-branches="277,278" number="276"/>
						<line hits="0" number="277"/>
						<line hits="0" number="278"/>
						<line hits="0" number="279"/>
						<line hits="1" number="282"/>
						<line hits="0" number="283"/>
					</lines>
				</class>
				<class branch-rate="0" complexity="0" filename="ddhp_color_blending.py" line-rate="0.4" name="ddhp_color_blending.py">
					<methods/>
					<lines>
						<line hits="1" number="1"/>
						<line hits="1" number="2"/>
						<line hits="1" number="4"/>
						<line hits="1" number="5"/>
						<line hits="1" number="6"/>
						<line hits="0" number="7"/>
						<line hits="0" number="8"/>
						<line hits="1" number="11"/>
						<line hits="0" number="20"/>
						<line hits="0" number="21"/>
						<line branch="true" condition-coverage="0% (0/2)" hits="0" missing-branches="23,27" number="22"/>
						<line hits="0" number="23"/>
						<line hits="0" number="24"/>
						<line hits="0" number="25"/>
						<line hits="0" number="27"/>
						<line hits="0" number="28"/>
						<line hits="1" number="31"/>
						<line hits="0" number="32"/>
						<line hits="1" number="35"/>
						<line branch="true" condition-coverage="0% (0/2)" hits="0" missing-branches="exit,exit" number="36"/>
					</lines>
				</class>
				<class branch-rate="0" complexity="0" filename="example_data.py" line-rate="0.144" name="example_data.py">
					<methods/>
					<lines>
						<line hits="1" number="1"/>
						<line hits="1" number="2"/>
						<line hits="1" number="3"/>
						<line hits="1" number="5"/>
						<line hits="1" number="6"/>
						<line hits="1" number="7"/>
						<line hits="1" number="9"/>
						<line hits="1" number="11"/>
						<line hits="1" number="14"/>
						<line branch="true" condition-coverage="0% (0/2)" hits="0" missing-branches="exit,exit" number="15"/>
						<line hits="1" number="18"/>
						<line branch="true" condition-coverage="0% (0/2)" hits="0" missing-branches="20,21" number="19"/>
						<line hits="0" number="20"/>
						<line hits="0" number="21"/>
						<line hits="0" number="23"/>
						<line hits="0" number="24"/>
						<line hits="0" number="25"/>
						<line hits="0" number="26"/>
						<line hits="0" number="27"/>
						<line branch="true" condition-coverage="0% (0/2)" hits="0" missing-branches="29,47" number="28"/>
						<line hits="0" number="29"/>
						<line hits="0" number="32"/>
						<line hits="0" number="35"/>
						<line hits="0" number="38"/>
						<line branch="true" condition-coverage="0% (0/2)" hits="0" missing-branches="exit,42" number="41"/>
						<line hits="0" number="42"/>
						<line hits="0" number="43"/>
						<line hits="0" number="44"/>
						<line hits="0" number="45"/>
						<line branch="true" condition-coverage="0% (0/2)" hits="0" missing-branches="exit,28" number="46"/>
						<line hits="0" number="47"/>
						<line hits="1" number="50"/>
						<line branch="true" condition-coverage="0% (0/2)" hits="0" missing-branches="52,53" number="51"/>
						<line hits="0" number="52"/>
						<line branch="true" condition-coverage="0% (0/2)" hits="0" missing-branches="54,55" number="53"/>
						<line hits="0" number="54"/>
						<line hits="0" number="55"/>
						<line hits="1" number="58"/>
						<line hits="0" number="59"/>
						<line hits="0" number="61"/>
						<line hits="0" number="62"/>
						<line branch="true" condition-coverage="0% (0/2)" hits="0" missing-branches="65,75" number="64"/>
						<line branch="true" condition-coverage="0% (0/2)" hits="0" missing-branches="64,66" number="65"/>
						<line branch="true" condition-coverage="0% (0/2)" hits="0" missing-branches="67,70" number="66"/>
						<line hits="0" number="67"/>
						<line hits="0" number="68"/>
						<line hits="0" number="70"/>
						<line hits="0" number="71"/>
						<line hits="0" number="75"/>
						<line hits="1" number="78"/>
						<line hits="0" number="79"/>
						<line hits="0" number="80"/>
						<line hits="0" number="81"/>
						<line branch="true" condition-coverage="0% (0/2)" hits="0" missing-branches="84,94" number="83"/>
						<line branch="true" condition-coverage="0% (0/2)" hits="0" missing-branches="83,85" number="84"/>
						<line branch="true" condition-coverage="0% (0/2)" hits="0" missing-branches="86,89" number="85"/>
						<line hits="0" number="86"/>
						<line hits="0" number="87"/>
						<line hits="0" number="89"/>
						<line hits="0" number="90"/>
						<line hits="0" number="94"/>
						<line hits="1" number="97"/>
						<line branch="true" condition-coverage="0% (0/2)" hits="0" missing-branches="99,100" number="98"/>
						<line hits="0" number="99"/>
						<line hits="0" number="100"/>
						<line hits="0" number="101"/>
						<line hits="0" number="102"/>
						<line branch="true" condition-coverage="0% (0/2)" hits="0" missing-branches="104,105" number="103"/>
						<line hits="0" number="104"/>
						<line hits="0" number="105"/>
						<line hits="1" number="108"/>
						<line branch="true" condition-coverage="0% (0/2)" hits="0" missing-branches="110,111" number="109"/>
						<line hits="0" number="110"/>
						<line hits="0" number="111"/>
						<line hits="0" number="112"/>
						<line hits="0" number="113"/>
						<line branch="true" condition-coverage="0% (0/2)" hits="0" missing-branches="115,116" number="114"/>
						<line hits="0" number="115"/>
						<line hits="0" number="116"/>
						<line branch="true" condition-coverage="0% (0/2)" hits="0" missing-branches="118,119" number="117"/>
						<line hits="0" number="118"/>
						<line hits="0" number="119"/>
						<line hits="1" number="122"/>
						<line branch="true" condition-coverage="0% (0/2)" hits="0" missing-branches="124,125" number="123"/>
						<line hits="0" number="124"/>
						<line hits="0" number="125"/>
						<line hits="0" number="126"/>
						<line hits="0" number="127"/>
						<line hits="0" number="128"/>
						<line hits="0" number="129"/>
						<line branch="true" condition-coverage="0% (0/2)" hits="0" missing-branches="131,132" number="130"/>
						<line hits="0" number="131"/>
						<line hits="0" number="132"/>
						<line branch="true" condition-coverage="0% (0/2)" hits="0" missing-branches="134,135" number="133"/>
						<line hits="0" number="134"/>
						<line hits="0" number="135"/>
						<line hits="1" number="138"/>
						<line branch="true" condition-coverage="0% (0/2)" hits="0" missing-branches="140,141" number="139"/>
						<line hits="0" number="140"/>
						<line hits="0" number="141"/>
						<line hits="0" number="142"/>
						<line hits="0" number="143"/>
						<line hits="0" number="144"/>
						<line hits="0" number="145"/>
						<line branch="true" condition-coverage="0% (0/2)" hits="0" missing-branches="147,152" number="146"/>
						<line branch="true" condition-coverage="0% (0/2)" hits="0" missing-branches="148,150" number="147"/>
						<line hits="0" number="148"/>
						<line hits="0" number="150"/>
						<line hits="0" number="151"/>
						<line hits="0" number="152"/>
						<line hits="1" number="155"/>
						<line branch="true" condition-coverage="0% (0/2)" hits="0" missing-branches="157,158" number="156"/>
						<line hits="0" number="157"/>
						<line hits="0" number="158"/>
						<line hits="0" number="159"/>
						<line hits="0" number="160"/>
						<line hits="0" number="161"/>
						<line hits="0" number="162"/>
						<line hits="0" number="163"/>
						<line branch="true" condition-coverage="0% (0/2)" hits="0" missing-branches="165,166" number="164"/>
						<line hits="0" number="165"/>
						<line hits="0" number="166"/>
						<line branch="true" condition-coverage="0% (0/2)" hits="0" missing-branches="168,169" number="167"/>
						<line hits="0" number="168"/>
						<line hits="0" number="169"/>
					</lines>
				</class>
				<class branch-rate="0.1429" complexity="0" filename="helper.py" line-rate="0.3577" name="helper.py">
					<methods/>
					<lines>
						<line hits="1" number="1"/>
						<line hits="1" number="2"/>
						<line hits="1" number="3"/>
						<line hits="1" number="4"/>
						<line hits="1" number="6"/>
						<line hits="1" number="7"/>
						<line hits="1" number="9"/>
						<line hits="1" number="10"/>
						<line hits="1" number="12"/>
						<line hits="1" number="14"/>
						<line hits="1" number="15"/>
						<line hits="1" number="16"/>
						<line hits="1" number="17"/>
						<line hits="1" number="18"/>
						<line hits="1" number="21"/>
						<line hits="0" number="22"/>
						<line branch="true" condition-coverage="0% (0/2)" hits="0" missing-branches="24,26" number="23"/>
						<line hits="0" number="24"/>
						<line hits="0" number="26"/>
						<line hits="0" number="27"/>
						<line hits="1" number="30"/>
						<line branch="true" condition-coverage="0% (0/2)" hits="0" missing-branches="33,34" number="32"/>
						<line hits="0" number="33"/>
						<line branch="true" condition-coverage="0% (0/2)" hits="0" missing-branches="35,36" number="34"/>
						<line hits="0" number="35"/>
						<line branch="true" condition-coverage="0% (0/2)" hits="0" missing-branches="37,38" number="36"/>
						<line hits="0" number="37"/>
						<line branch="true" condition-coverage="0% (0/2)" hits="0" missing-branches="39,40" number="38"/>
						<line hits="0" number="39"/>
						<line hits="0" number="40"/>
						<line hits="0" number="41"/>
						<line hits="0" number="42"/>
						<line hits="0" number="43"/>
						<line hits="0" number="44"/>
						<line hits="0" number="45"/>
						<line hits="1" number="48"/>
						<line hits="1" number="49"/>
						<line hits="0" number="50"/>
						<line hits="1" number="52"/>
						<line hits="0" number="53"/>
						<line hits="1" number="56"/>
						<line branch="true" condition-coverage="0% (0/2)" hits="0" missing-branches="70,71" number="69"/>
						<line hits="0" number="70"/>
						<line branch="true" condition-coverage="0% (0/2)" hits="0" missing-branches="72,73" number="71"/>
						<line hits="0" number="72"/>
						<line hits="0" number="73"/>
						<line hits="0" number="74"/>
						<line hits="0" number="75"/>
						<line hits="0" number="76"/>
						<line hits="0" number="77"/>
						<line hits="0" number="78"/>
						<line hits="0" number="79"/>
						<line hits="0" number="80"/>
						<line hits="1" number="83"/>
						<line hits="0" number="97"/>
						<line hits="0" number="98"/>
						<line hits="0" number="99"/>
						<line hits="0" number="101"/>
						<line hits="0" number="102"/>
						<line hits="1" number="105"/>
						<line hits="1" number="108"/>
						<line branch="true" condition-coverage="0% (0/2)" hits="0" missing-branches="110,112" number="109"/>
						<line hits="0" number="110"/>
						<line hits="0" number="112"/>
						<line branch="true" condition-coverage="0% (0/2)" hits="0" missing-branches="114,116" number="113"/>
						<line hits="0" number="114"/>
						<line hits="0" number="116"/>
						<line hits="0" number="117"/>
						<line hits="1" number="120"/>
						<line branch="true" condition-coverage="0% (0/2)" hits="0" missing-branches="122,123" number="121"/>
						<line hits="0" number="122"/>
						<line branch="true" condition-coverage="0% (0/2)" hits="0" missing-branches="exit,exit" number="123"/>
						<line hits="1" number="129"/>
						<line branch="true" condition-coverage="0% (0/2)" hits="0" missing-branches="exit,exit" number="130"/>
						<line hits="1" number="133"/>
						<line branch="true" condition-coverage="0% (0/2)" hits="0" missing-branches="exit,exit" number="134"/>
						<line hits="1" number="137"/>
						<line branch="true" condition-coverage="0% (0/2)" hits="0" missing-branches="exit,exit" number="138"/>
						<line hits="1" number="141"/>
						<line hits="0" number="142"/>
						<line branch="true" condition-coverage="0% (0/2)" hits="0" missing-branches="144,148" number="143"/>
						<line hits="0" number="144"/>
						<line hits="0" number="145"/>
						<line hits="0" number="146"/>
						<line hits="0" number="147"/>
						<line hits="0" number="148"/>
						<line hits="1" number="151"/>
						<line branch="true" condition-coverage="0% (0/2)" hits="0" missing-branches="exit,exit" number="154"/>
						<line hits="1" number="158"/>
						<line hits="0" number="164"/>
						<line hits="0" number="165"/>
						<line branch="true" condition-coverage="0% (0/2)" hits="0" missing-branches="167,173" number="166"/>
						<line branch="true" condition-coverage="0% (0/2)" hits="0" missing-branches="168,173" number="167"/>
						<line hits="0" number="168"/>
						<line hits="0" number="169"/>
						<line hits="0" number="170"/>
						<line hits="0" number="171"/>
						<line hits="0" number="172"/>
						<line hits="0" number="173"/>
						<line hits="1" number="176"/>
						<line hits="1" number="186"/>
						<line hits="1" number="187"/>
						<line hits="1" number="188"/>
						<line branch="true" condition-coverage="100% (2/2)" hits="1" number="189"/>
						<line branch="true" condition-coverage="50% (1/2)" hits="1" missing-branches="191" number="190"/>
						<line hits="0" number="191"/>
						<line branch="true" condition-coverage="50% (1/2)" hits="1" missing-branches="193" number="192"/>
						<line hits="0" number="193"/>
						<line hits="1" number="194"/>
						<line branch="true" condition-coverage="100% (2/2)" hits="1" number="195"/>
						<line hits="1" number="196"/>
						<line branch="true" condition-coverage="100% (2/2)" hits="1" number="197"/>
						<line hits="1" number="198"/>
						<line hits="1" number="200"/>
						<line hits="1" number="201"/>
						<line hits="1" number="202"/>
						<line hits="1" number="205"/>
						<line hits="0" number="213"/>
						<line branch="true" condition-coverage="0% (0/2)" hits="0" missing-branches="215,218" number="214"/>
						<line hits="0" number="215"/>
						<line hits="0" number="217"/>
						<line hits="0" number="218"/>
						<line hits="1" number="221"/>
						<line hits="0" number="228"/>
						<line branch="true" condition-coverage="0% (0/2)" hits="0" missing-branches="230,233" number="229"/>
						<line hits="0" number="230"/>
						<line hits="0" number="232"/>
						<line hits="0" number="233"/>
						<line hits="1" number="236"/>
						<line hits="0" number="248"/>
						<line branch="true" condition-coverage="0% (0/2)" hits="0" missing-branches="250,255" number="249"/>
						<line branch="true" condition-coverage="0% (0/2)" hits="0" missing-branches="251,253" number="250"/>
						<line hits="0" number="251"/>
						<line hits="0" number="253"/>
						<line hits="0" number="255"/>
						<line hits="1" number="258"/>
						<line branch="true" condition-coverage="0% (0/2)" hits="0" missing-branches="exit,exit" number="259"/>
					</lines>
				</class>
				<class branch-rate="0" complexity="0" filename="hierarchic_blending_operator.py" line-rate="0.24" name="hierarchic_blending_operator.py">
					<methods/>
					<lines>
						<line hits="1" number="1"/>
						<line hits="1" number="4"/>
						<line hits="0" number="5"/>
						<line hits="0" number="6"/>
						<line hits="1" number="9"/>
						<line branch="true" condition-coverage="0% (0/2)" hits="0" missing-branches="11,14" number="10"/>
						<line hits="0" number="11"/>
						<line hits="0" number="12"/>
						<line hits="0" number="14"/>
						<line hits="0" number="15"/>
						<line hits="0" number="16"/>
						<line hits="1" number="19"/>
						<line hits="0" number="20"/>
						<line hits="0" number="21"/>
						<line hits="1" number="24"/>
						<line hits="0" number="25"/>
						<line hits="0" number="26"/>
						<line hits="1" number="29"/>
						<line hits="0" number="30"/>
						<line branch="true" condition-coverage="0% (0/2)" hits="0" missing-branches="32,33" number="31"/>
						<line hits="0" number="32"/>
						<line hits="0" number="33"/>
						<line hits="0" number="34"/>
						<line hits="0" number="35"/>
						<line hits="0" number="36"/>
					</lines>
				</class>
				<class branch-rate="0.08333" complexity="0" filename="iso_lines.py" line-rate="0.4348" name="iso_lines.py">
					<methods/>
					<lines>
						<line hits="1" number="1"/>
						<line hits="1" number="3"/>
						<line hits="1" number="5"/>
						<line hits="1" number="7"/>
						<line hits="1" number="9"/>
						<line hits="1" number="10"/>
						<line branch="true" condition-coverage="50% (1/2)" hits="1" missing-branches="14" number="11"/>
						<line hits="1" number="12"/>
						<line hits="0" number="14"/>
						<line hits="1" number="17"/>
						<line branch="true" condition-coverage="0% (0/2)" hits="0" missing-branches="27,36" number="26"/>
						<line branch="true" condition-coverage="0% (0/2)" hits="0" missing-branches="28,30" number="27"/>
						<line hits="0" number="28"/>
						<line hits="0" number="29"/>
						<line branch="true" condition-coverage="0% (0/2)" hits="0" missing-branches="31,32" number="30"/>
						<line hits="0" number="31"/>
						<line branch="true" condition-coverage="0% (0/2)" hits="0" missing-branches="33,34" number="32"/>
						<line hits="0" number="33"/>
						<line branch="true" condition-coverage="0% (0/2)" hits="0" missing-branches="35,36" number="34"/>
						<line hits="0" number="35"/>
						<line hits="0" number="36"/>
						<line hits="1" number="39"/>
						<line hits="0" number="40"/>
					</lines>
				</class>
				<class branch-rate="0" complexity="0" filename="picture_contour_lines.py" line-rate="0.3448" name="picture_contour_lines.py">
					<methods/>
					<lines>
						<line hits="1" number="1"/>
						<line hits="1" number="2"/>
						<line hits="1" number="4"/>
						<line hits="1" number="5"/>
						<line hits="1" number="7"/>
						<line hits="1" number="9"/>
						<line hits="1" number="12"/>
						<line branch="true" condition-coverage="0% (0/2)" hits="0" missing-branches="15,16" number="14"/>
						<line hits="0" number="15"/>
						<line hits="0" number="16"/>
						<line hits="0" number="17"/>
						<line branch="true" condition-coverage="0% (0/2)" hits="0" missing-branches="19,22" number="18"/>
						<line hits="0" number="19"/>
						<line hits="0" number="22"/>
						<line hits="0" number="25"/>
						<line hits="1" number="28"/>
						<line hits="0" number="29"/>
						<line branch="true" condition-coverage="0% (0/2)" hits="0" missing-branches="exit,31" number="30"/>
						<line branch="true" condition-coverage="0% (0/2)" hits="0" missing-branches="30,32" number="31"/>
						<line hits="0" number="32"/>
						<line hits="0" number="35"/>
						<line hits="1" number="38"/>
						<line hits="0" number="46"/>
						<line hits="0" number="47"/>
						<line branch="true" condition-coverage="0% (0/2)" hits="0" missing-branches="49,50" number="48"/>
						<line hits="0" number="49"/>
						<line hits="0" number="50"/>
						<line hits="1" number="53"/>
						<line hits="0" number="54"/>
					</lines>
				</class>
				<class branch-rate="0" complexity="0" filename="picture_contours.py" line-rate="0.1497" name="picture_contours.py">
					<methods/>
					<lines>
						<line hits="1" number="1"/>
						<line hits="1" number="2"/>
						<line hits="1" number="4"/>
						<line hits="1" number="6"/>
						<line hits="1" number="7"/>
						<line hits="1" number="8"/>
						<line hits="1" number="9"/>
						<line hits="1" number="10"/>
						<line hits="1" number="12"/>
						<line hits="1" number="15"/>
						<line hits="1" number="16"/>
						<line hits="0" number="17"/>
						<line hits="0" number="18"/>
						<line hits="1" number="21"/>
						<line branch="true" condition-coverage="0% (0/2)" hits="0" missing-branches="29,30" number="28"/>
						<line hits="0" number="29"/>
						<line branch="true" condition-coverage="0% (0/2)" hits="0" missing-branches="exit,31" number="30"/>
						<line hits="0" number="31"/>
						<line hits="1" number="34"/>
						<line branch="true" condition-coverage="0% (0/2)" hits="0" missing-branches="45,47" number="44"/>
						<line hits="0" number="45"/>
						<line hits="0" number="47"/>
						<line branch="true" condition-coverage="0% (0/2)" hits="0" missing-branches="exit,exit" number="48"/>
						<line hits="1" number="51"/>
						<line hits="0" number="68"/>
						<line hits="0" number="69"/>
						<line hits="0" number="72"/>
						<line hits="0" number="73"/>
						<line hits="0" number="74"/>
						<line hits="0" number="77"/>
						<line hits="0" number="78"/>
						<line hits="1" number="81"/>
						<line branch="true" condition-coverage="0% (0/2)" hits="0" missing-branches="90,91" number="89"/>
						<line hits="0" number="90"/>
						<line branch="true" condition-coverage="0% (0/2)" hits="0" missing-branches="92,94" number="91"/>
						<line hits="0" number="92"/>
						<line hits="0" number="93"/>
						<line branch="true" condition-coverage="0% (0/2)" hits="0" missing-branches="95,98" number="94"/>
						<line hits="0" number="95"/>
						<line hits="0" number="96"/>
						<line hits="0" number="98"/>
						<line hits="0" number="99"/>
						<line hits="1" number="102"/>
						<line branch="true" condition-coverage="0% (0/2)" hits="0" missing-branches="111,113" number="110"/>
						<line hits="0" number="111"/>
						<line hits="0" number="112"/>
						<line branch="true" condition-coverage="0% (0/2)" hits="0" missing-branches="114,117" number="113"/>
						<line hits="0" number="114"/>
						<line hits="0" number="115"/>
						<line hits="0" number="117"/>
						<line hits="0" number="118"/>
						<line hits="1" number="121"/>
						<line hits="0" number="145"/>
						<line branch="true" condition-coverage="0% (0/2)" hits="0" missing-branches="147,154" number="146"/>
						<line hits="0" number="147"/>
						<line hits="0" number="148"/>
						<line hits="0" number="149"/>
						<line hits="0" number="153"/>
						<line hits="0" number="154"/>
						<line hits="1" number="157"/>
						<line branch="true" condition-coverage="0% (0/2)" hits="0" missing-branches="188,189" number="187"/>
						<line hits="0" number="188"/>
						<line branch="true" condition-coverage="0% (0/2)" hits="0" missing-branches="190,199" number="189"/>
						<line branch="true" condition-coverage="0% (0/2)" hits="0" missing-branches="191,197" number="190"/>
						<line hits="0" number="191"/>
						<line branch="true" condition-coverage="0% (0/2)" hits="0" missing-branches="193,200" number="192"/>
						<line hits="0" number="193"/>
						<line branch="true" condition-coverage="0% (0/2)" hits="0" missing-branches="192,195" number="194"/>
						<line hits="0" number="195"/>
						<line hits="0" number="197"/>
						<line hits="0" number="199"/>
						<line branch="true" condition-coverage="0% (0/2)" hits="0" missing-branches="201,206" number="200"/>
						<line hits="0" number="201"/>
						<line hits="0" number="205"/>
						<line hits="0" number="206"/>
						<line hits="0" number="210"/>
						<line hits="1" number="214"/>
						<line hits="0" number="242"/>
						<line branch="true" condition-coverage="0% (0/2)" hits="0" missing-branches="244,245" number="243"/>
						<line hits="0" number="244"/>
						<line branch="true" condition-coverage="0% (0/2)" hits="0" missing-branches="246,247" number="245"/>
						<line hits="0" number="246"/>
						<line branch="true" condition-coverage="0% (0/2)" hits="0" missing-branches="248,249" number="247"/>
						<line hits="0" number="248"/>
						<line hits="0" number="249"/>
						<line hits="0" number="252"/>
						<line hits="0" number="253"/>
						<line hits="1" number="256"/>
						<line branch="true" condition-coverage="0% (0/3)" hits="0" missing-branches="exit,266,267" number="265"/>
						<line hits="0" number="266"/>
						<line branch="true" condition-coverage="0% (0/3)" hits="0" missing-branches="exit,268,269" number="267"/>
						<line hits="0" number="268"/>
						<line hits="0" number="269"/>
						<line hits="1" number="272"/>
						<line hits="0" number="274"/>
						<line hits="0" number="275"/>
						<line hits="0" number="280"/>
						<line hits="0" number="281"/>
						<line hits="1" number="285"/>
						<line branch="true" condition-coverage="0% (0/2)" hits="0" missing-branches="exit,304" number="303"/>
						<line branch="true" condition-coverage="0% (0/2)" hits="0" missing-branches="305,307" number="304"/>
						<line hits="0" number="305"/>
						<line hits="0" number="306"/>
						<line branch="true" condition-coverage="0% (0/2)" hits="0" missing-branches="308,325" number="307"/>
						<line hits="0" number="308"/>
						<line branch="true" condition-coverage="0% (0/2)" hits="0" missing-branches="310,312" number="309"/>
						<line hits="0" number="310"/>
						<line hits="0" number="311"/>
						<line branch="true" condition-coverage="0% (0/2)" hits="0" missing-branches="313,315" number="312"/>
						<line hits="0" number="313"/>
						<line hits="0" number="314"/>
						<line branch="true" condition-coverage="0% (0/2)" hits="0" missing-branches="316,319" number="315"/>
						<line hits="0" number="316"/>
						<line hits="0" number="317"/>
						<line hits="0" number="319"/>
						<line hits="0" number="320"/>
						<line branch="true" condition-coverage="0% (0/2)" hits="0" missing-branches="322,324" number="321"/>
						<line hits="0" number="322"/>
						<line hits="0" number="323"/>
						<line hits="0" number="324"/>
						<line branch="true" condition-coverage="0% (0/2)" hits="0" missing-branches="exit,326" number="325"/>
						<line branch="true" condition-coverage="0% (0/3)" hits="0" missing-branches="exit,327,328" number="326"/>
						<line hits="0" number="327"/>
						<line branch="true" condition-coverage="0% (0/2)" hits="0" missing-branches="exit,329" number="328"/>
						<line hits="0" number="329"/>
						<line hits="0" number="330"/>
						<line hits="0" number="331"/>
						<line hits="0" number="332"/>
						<line branch="true" condition-coverage="0% (0/2)" hits="0" missing-branches="334,372" number="333"/>
						<line branch="true" condition-coverage="0% (0/2)" hits="0" missing-branches="333,336" number="334"/>
						<line branch="true" condition-coverage="0% (0/2)" hits="0" missing-branches="exit,337" number="336"/>
						<line hits="0" number="337"/>
						<line branch="true" condition-coverage="0% (0/2)" hits="0" missing-branches="334,344" number="343"/>
						<line branch="true" condition-coverage="0% (0/2)" hits="0" missing-branches="334,346" number="344"/>
						<line hits="0" number="346"/>
						<line hits="0" number="347"/>
						<line branch="true" condition-coverage="0% (0/2)" hits="0" missing-branches="354,360" number="353"/>
						<line hits="0" number="354"/>
						<line hits="0" number="355"/>
						<line hits="0" number="360"/>
						<line branch="true" condition-coverage="0% (0/2)" hits="0" missing-branches="344,365" number="364"/>
						<line hits="0" number="365"/>
						<line hits="0" number="372"/>
						<line branch="true" condition-coverage="0% (0/2)" hits="0" missing-branches="374,376" number="373"/>
						<line hits="0" number="374"/>
						<line hits="0" number="375"/>
						<line hits="0" number="376"/>
					</lines>
				</class>
				<class branch-rate="0.2707" complexity="0" filename="picture_cross.py" line-rate="0.3345" name="picture_cross.py">
					<methods/>
					<lines>
						<line hits="1" number="1"/>
						<line hits="1" number="3"/>
						<line hits="1" number="4"/>
						<line hits="1" number="5"/>
						<line hits="1" number="6"/>
						<line hits="1" number="7"/>
						<line hits="1" number="9"/>
						<line hits="1" number="11"/>
						<line hits="1" number="13"/>
						<line hits="1" number="16"/>
						<line branch="true" condition-coverage="0% (0/2)" hits="0" missing-branches="exit,exit" number="17"/>
						<line hits="1" number="20"/>
						<line hits="0" number="21"/>
						<line hits="0" number="22"/>
						<line branch="true" condition-coverage="0% (0/2)" hits="0" missing-branches="24,30" number="23"/>
						<line branch="true" condition-coverage="0% (0/2)" hits="0" missing-branches="25,28" number="24"/>
						<line branch="true" condition-coverage="0% (0/3)" hits="0" missing-branches="exit,24,26" number="25"/>
						<line hits="0" number="26"/>
						<line hits="0" number="28"/>
						<line hits="0" number="29"/>
						<line hits="0" number="30"/>
						<line hits="1" number="33"/>
						<line hits="0" number="34"/>
						<line hits="1" number="37"/>
						<line hits="0" number="38"/>
						<line hits="1" number="41"/>
						<line hits="0" number="42"/>
						<line branch="true" condition-coverage="0% (0/2)" hits="0" missing-branches="46,47" number="45"/>
						<line hits="0" number="46"/>
						<line hits="0" number="47"/>
						<line hits="0" number="48"/>
						<line hits="1" number="51"/>
						<line branch="true" condition-coverage="0% (0/2)" hits="0" missing-branches="exit,53" number="52"/>
						<line hits="0" number="53"/>
						<line hits="0" number="55"/>
						<line hits="1" number="58"/>
						<line hits="0" number="59"/>
						<line branch="true" condition-coverage="0% (0/2)" hits="0" missing-branches="61,67" number="60"/>
						<line hits="0" number="61"/>
						<line branch="true" condition-coverage="0% (0/2)" hits="0" missing-branches="63,64" number="62"/>
						<line hits="0" number="63"/>
						<line branch="true" condition-coverage="0% (0/2)" hits="0" missing-branches="65,66" number="64"/>
						<line hits="0" number="65"/>
						<line hits="0" number="66"/>
						<line hits="0" number="67"/>
						<line hits="1" number="70"/>
						<line hits="0" number="71"/>
						<line branch="true" condition-coverage="0% (0/2)" hits="0" missing-branches="73,81" number="72"/>
						<line branch="true" condition-coverage="0% (0/2)" hits="0" missing-branches="72,74" number="73"/>
						<line branch="true" condition-coverage="0% (0/2)" hits="0" missing-branches="73,75" number="74"/>
						<line hits="0" number="75"/>
						<line hits="0" number="76"/>
						<line branch="true" condition-coverage="0% (0/2)" hits="0" missing-branches="74,78" number="77"/>
						<line hits="0" number="78"/>
						<line hits="0" number="79"/>
						<line hits="0" number="80"/>
						<line hits="0" number="81"/>
						<line hits="1" number="84"/>
						<line hits="0" number="85"/>
						<line hits="0" number="86"/>
						<line hits="0" number="87"/>
						<line branch="true" condition-coverage="0% (0/2)" hits="0" missing-branches="89,107" number="88"/>
						<line hits="0" number="89"/>
						<line hits="0" number="90"/>
						<line hits="0" number="91"/>
						<line hits="0" number="92"/>
						<line branch="true" condition-coverage="0% (0/2)" hits="0" missing-branches="94,103" number="93"/>
						<line branch="true" condition-coverage="0% (0/2)" hits="0" missing-branches="93,95" number="94"/>
						<line hits="0" number="95"/>
						<line hits="0" number="96"/>
						<line branch="true" condition-coverage="0% (0/2)" hits="0" missing-branches="93,98" number="97"/>
						<line hits="0" number="98"/>
						<line hits="0" number="99"/>
						<line hits="0" number="100"/>
						<line hits="0" number="101"/>
						<line hits="0" number="102"/>
						<line hits="0" number="103"/>
						<line hits="0" number="104"/>
						<line hits="0" number="105"/>
						<line hits="0" number="106"/>
						<line hits="0" number="107"/>
						<line hits="1" number="110"/>
						<line hits="0" number="112"/>
						<line hits="0" number="114"/>
						<line hits="0" number="117"/>
						<line hits="0" number="118"/>
						<line hits="1" number="121"/>
						<line hits="0" number="124"/>
						<line branch="true" condition-coverage="0% (0/2)" hits="0" missing-branches="126,132" number="125"/>
						<line hits="0" number="126"/>
						<line hits="0" number="127"/>
						<line branch="true" condition-coverage="0% (0/2)" hits="0" missing-branches="exit,131" number="129"/>
						<line branch="true" condition-coverage="0% (0/2)" hits="0" missing-branches="exit,145" number="131"/>
						<line branch="true" condition-coverage="0% (0/2)" hits="0" missing-branches="133,138" number="132"/>
						<line hits="0" number="133"/>
						<line branch="true" condition-coverage="0% (0/2)" hits="0" missing-branches="exit,135" number="134"/>
						<line branch="true" condition-coverage="0% (0/2)" hits="0" missing-branches="exit,136" number="135"/>
						<line branch="true" condition-coverage="0% (0/2)" hits="0" missing-branches="exit,145" number="136"/>
						<line hits="0" number="138"/>
						<line branch="true" condition-coverage="0% (0/2)" hits="0" missing-branches="exit,140" number="139"/>
						<line hits="0" number="140"/>
						<line hits="0" number="141"/>
						<line branch="true" condition-coverage="0% (0/2)" hits="0" missing-branches="143,144" number="142"/>
						<line hits="0" number="143"/>
						<line hits="0" number="144"/>
						<line hits="0" number="145"/>
						<line hits="0" number="146"/>
						<line hits="1" number="149"/>
						<line hits="0" number="152"/>
						<line branch="true" condition-coverage="0% (0/2)" hits="0" missing-branches="exit,154" number="153"/>
						<line hits="0" number="154"/>
						<line hits="0" number="155"/>
						<line branch="true" condition-coverage="0% (0/2)" hits="0" missing-branches="157,159" number="156"/>
						<line hits="0" number="157"/>
						<line hits="0" number="158"/>
						<line hits="0" number="159"/>
						<line branch="true" condition-coverage="0% (0/2)" hits="0" missing-branches="exit,153" number="160"/>
						<line hits="1" number="164"/>
						<line branch="true" condition-coverage="0% (0/2)" hits="0" missing-branches="166,167" number="165"/>
						<line hits="0" number="166"/>
						<line branch="true" condition-coverage="0% (0/2)" hits="0" missing-branches="168,172" number="167"/>
						<line hits="0" number="168"/>
						<line hits="0" number="169"/>
						<line hits="0" number="172"/>
						<line hits="0" number="173"/>
						<line branch="true" condition-coverage="0% (0/2)" hits="0" missing-branches="exit,175" number="174"/>
						<line hits="0" number="175"/>
						<line hits="0" number="176"/>
						<line hits="1" number="182"/>
						<line branch="true" condition-coverage="50% (1/2)" hits="1" missing-branches="192" number="191"/>
						<line hits="0" number="192"/>
						<line branch="true" condition-coverage="50% (1/2)" hits="1" missing-branches="194" number="193"/>
						<line hits="0" number="194"/>
						<line branch="true" condition-coverage="50% (1/2)" hits="1" missing-branches="197" number="195"/>
						<line hits="1" number="196"/>
						<line hits="1" number="197"/>
						<line hits="1" number="198"/>
						<line hits="1" number="199"/>
						<line hits="1" number="202"/>
						<line hits="0" number="203"/>
						<line hits="0" number="204"/>
						<line hits="0" number="205"/>
						<line hits="0" number="206"/>
						<line hits="0" number="207"/>
						<line hits="0" number="208"/>
						<line hits="0" number="209"/>
						<line branch="true" condition-coverage="0% (0/2)" hits="0" missing-branches="exit,212" number="211"/>
						<line branch="true" condition-coverage="0% (0/2)" hits="0" missing-branches="exit,213" number="212"/>
						<line hits="0" number="213"/>
						<line hits="0" number="214"/>
						<line hits="0" number="215"/>
						<line hits="0" number="216"/>
						<line hits="0" number="217"/>
						<line hits="0" number="218"/>
						<line hits="0" number="219"/>
						<line hits="0" number="221"/>
						<line hits="1" number="224"/>
						<line branch="true" condition-coverage="100% (2/2)" hits="1" number="232"/>
						<line hits="1" number="233"/>
						<line branch="true" condition-coverage="100% (2/2)" hits="1" number="234"/>
						<line hits="1" number="237"/>
						<line branch="true" condition-coverage="100% (2/2)" hits="1" number="238"/>
						<line hits="1" number="239"/>
						<line branch="true" condition-coverage="100% (2/2)" hits="1" number="240"/>
						<line hits="1" number="241"/>
						<line hits="1" number="244"/>
						<line hits="1" number="245"/>
						<line hits="1" number="246"/>
						<line hits="1" number="247"/>
						<line hits="1" number="250"/>
						<line branch="true" condition-coverage="100% (2/2)" hits="1" number="260"/>
						<line hits="1" number="261"/>
						<line branch="true" condition-coverage="100% (2/2)" hits="1" number="264"/>
						<line hits="1" number="265"/>
						<line hits="1" number="266"/>
						<line branch="true" condition-coverage="100% (2/2)" hits="1" number="267"/>
						<line hits="1" number="268"/>
						<line hits="1" number="269"/>
						<line hits="1" number="270"/>
						<line branch="true" condition-coverage="100% (2/2)" hits="1" number="271"/>
						<line branch="true" condition-coverage="100% (2/2)" hits="1" number="272"/>
						<line hits="1" number="273"/>
						<line hits="1" number="274"/>
						<line hits="1" number="275"/>
						<line hits="1" number="276"/>
						<line branch="true" condition-coverage="100% (2/2)" hits="1" number="277"/>
						<line branch="true" condition-coverage="100% (2/2)" hits="1" number="278"/>
						<line hits="1" number="279"/>
						<line hits="1" number="281"/>
						<line hits="1" number="282"/>
						<line hits="1" number="283"/>
						<line hits="1" number="286"/>
						<line branch="true" condition-coverage="100% (2/2)" hits="1" number="287"/>
						<line hits="1" number="288"/>
						<line branch="true" condition-coverage="100% (2/2)" hits="1" number="289"/>
						<line hits="1" number="290"/>
						<line branch="true" condition-coverage="100% (2/2)" hits="1" number="291"/>
						<line hits="1" number="292"/>
						<line hits="1" number="294"/>
						<line hits="1" number="295"/>
						<line hits="1" number="296"/>
						<line hits="1" number="299"/>
						<line hits="0" number="300"/>
						<line hits="1" number="304"/>
						<line hits="0" number="321"/>
						<line branch="true" condition-coverage="0% (0/2)" hits="0" missing-branches="exit,exit" number="322"/>
						<line hits="0" number="324"/>
						<line hits="0" number="325"/>
						<line hits="0" number="326"/>
						<line hits="0" number="327"/>
						<line hits="0" number="329"/>
						<line hits="0" number="330"/>
						<line hits="0" number="331"/>
						<line hits="0" number="332"/>
						<line hits="0" number="333"/>
						<line hits="0" number="334"/>
						<line hits="0" number="335"/>
						<line hits="0" number="336"/>
						<line hits="0" number="337"/>
						<line hits="0" number="339"/>
						<line hits="0" number="340"/>
						<line hits="0" number="341"/>
						<line hits="0" number="342"/>
						<line hits="0" number="343"/>
						<line hits="0" number="344"/>
						<line hits="1" number="348"/>
						<line hits="0" number="368"/>
						<line branch="true" condition-coverage="0% (0/2)" hits="0" missing-branches="371,373" number="369"/>
						<line hits="0" number="371"/>
						<line hits="0" number="372"/>
						<line hits="0" number="373"/>
						<line hits="1" number="376"/>
						<line branch="true" condition-coverage="0% (0/2)" hits="0" missing-branches="391,392" number="390"/>
						<line hits="0" number="391"/>
						<line branch="true" condition-coverage="0% (0/2)" hits="0" missing-branches="393,394" number="392"/>
						<line hits="0" number="393"/>
						<line hits="0" number="394"/>
						<line hits="0" number="395"/>
						<line hits="0" number="396"/>
						<line branch="true" condition-coverage="0% (0/2)" hits="0" missing-branches="398,399" number="397"/>
						<line hits="0" number="398"/>
						<line hits="0" number="399"/>
						<line hits="0" number="400"/>
						<line hits="0" number="401"/>
						<line hits="0" number="402"/>
						<line hits="0" number="408"/>
						<line hits="0" number="414"/>
						<line hits="0" number="416"/>
						<line hits="0" number="417"/>
						<line hits="0" number="418"/>
						<line hits="1" number="421"/>
						<line hits="1" number="433"/>
						<line hits="1" number="434"/>
						<line branch="true" condition-coverage="100% (2/2)" hits="1" number="435"/>
						<line hits="1" number="436"/>
						<line hits="1" number="437"/>
						<line branch="true" condition-coverage="100% (2/2)" hits="1" number="438"/>
						<line hits="1" number="439"/>
						<line hits="1" number="440"/>
						<line hits="1" number="442"/>
						<line hits="1" number="443"/>
						<line branch="true" condition-coverage="50% (1/2)" hits="1" missing-branches="446" number="444"/>
						<line hits="1" number="445"/>
						<line hits="0" number="446"/>
						<line hits="0" number="447"/>
						<line hits="1" number="448"/>
						<line hits="1" number="451"/>
						<line hits="0" number="452"/>
						<line hits="0" number="453"/>
						<line hits="0" number="454"/>
						<line hits="0" number="455"/>
						<line hits="1" number="458"/>
						<line branch="true" condition-coverage="0% (0/2)" hits="0" missing-branches="462,463" number="461"/>
						<line hits="0" number="462"/>
						<line hits="0" number="463"/>
						<line hits="0" number="464"/>
						<line hits="0" number="465"/>
						<line branch="true" condition-coverage="0% (0/2)" hits="0" missing-branches="467,470" number="466"/>
						<line hits="0" number="467"/>
						<line hits="0" number="468"/>
						<line hits="0" number="469"/>
						<line branch="true" condition-coverage="0% (0/2)" hits="0" missing-branches="exit,exit" number="470"/>
						<line hits="1" number="474"/>
						<line branch="true" condition-coverage="0% (0/2)" hits="0" missing-branches="480,481" number="479"/>
						<line hits="0" number="480"/>
						<line branch="true" condition-coverage="0% (0/2)" hits="0" missing-branches="482,483" number="481"/>
						<line hits="0" number="482"/>
						<line hits="0" number="483"/>
						<line branch="true" condition-coverage="0% (0/2)" hits="0" missing-branches="488,489" number="487"/>
						<line hits="0" number="488"/>
						<line branch="true" condition-coverage="0% (0/2)" hits="0" missing-branches="exit,490" number="489"/>
						<line hits="0" number="490"/>
						<line hits="1" number="493"/>
						<line hits="0" number="494"/>
						<line hits="1" number="497"/>
						<line hits="0" number="498"/>
					</lines>
				</class>
				<class branch-rate="0" complexity="0" filename="picture_grid.py" line-rate="0" name="picture_grid.py">
					<methods/>
					<lines>
						<line hits="0" number="1"/>
						<line hits="0" number="2"/>
						<line hits="0" number="4"/>
						<line hits="0" number="5"/>
						<line hits="0" number="8"/>
						<line branch="true" condition-coverage="0% (0/2)" hits="0" missing-branches="exit,10" number="9"/>
						<line hits="0" number="10"/>
						<line hits="0" number="13"/>
						<line hits="0" number="23"/>
						<line hits="0" number="24"/>
						<line hits="0" number="25"/>
						<line hits="0" number="26"/>
						<line hits="0" number="27"/>
						<line hits="0" number="29"/>
						<line branch="true" condition-coverage="0% (0/2)" hits="0" missing-branches="exit,31" number="30"/>
						<line branch="true" condition-coverage="0% (0/2)" hits="0" missing-branches="exit,33" number="31"/>
						<line branch="true" condition-coverage="0% (0/2)" hits="0" missing-branches="34,40" number="33"/>
						<line hits="0" number="34"/>
						<line hits="0" number="35"/>
						<line branch="true" condition-coverage="0% (0/2)" hits="0" missing-branches="37,38" number="36"/>
						<line hits="0" number="37"/>
						<line hits="0" number="38"/>
						<line hits="0" number="39"/>
						<line branch="true" condition-coverage="0% (0/2)" hits="0" missing-branches="41,42" number="40"/>
						<line hits="0" number="41"/>
						<line hits="0" number="42"/>
					</lines>
				</class>
				<class branch-rate="0" complexity="0" filename="picture_plot.py" line-rate="0.1163" name="picture_plot.py">
					<methods/>
					<lines>
						<line hits="1" number="1"/>
						<line hits="1" number="3"/>
						<line hits="1" number="4"/>
						<line hits="1" number="5"/>
						<line hits="1" number="7"/>
						<line hits="1" number="11"/>
						<line hits="1" number="13"/>
						<line hits="1" number="15"/>
						<line hits="1" number="18"/>
						<line hits="0" number="19"/>
						<line hits="0" number="20"/>
						<line hits="0" number="21"/>
						<line hits="1" number="24"/>
						<line hits="0" number="35"/>
						<line hits="0" number="36"/>
						<line hits="0" number="37"/>
						<line hits="0" number="38"/>
						<line hits="0" number="39"/>
						<line branch="true" condition-coverage="0% (0/2)" hits="0" missing-branches="41,42" number="40"/>
						<line hits="0" number="41"/>
						<line branch="true" condition-coverage="0% (0/2)" hits="0" missing-branches="43,44" number="42"/>
						<line hits="0" number="43"/>
						<line branch="true" condition-coverage="0% (0/2)" hits="0" missing-branches="45,46" number="44"/>
						<line hits="0" number="45"/>
						<line hits="0" number="46"/>
						<line hits="0" number="47"/>
						<line hits="0" number="49"/>
						<line hits="0" number="51"/>
						<line hits="1" number="55"/>
						<line hits="0" number="73"/>
						<line hits="0" number="74"/>
						<line hits="0" number="75"/>
						<line hits="0" number="76"/>
						<line hits="0" number="77"/>
						<line branch="true" condition-coverage="0% (0/2)" hits="0" missing-branches="79,90" number="78"/>
						<line branch="true" condition-coverage="0% (0/2)" hits="0" missing-branches="80,81" number="79"/>
						<line hits="0" number="80"/>
						<line branch="true" condition-coverage="0% (0/2)" hits="0" missing-branches="82,83" number="81"/>
						<line hits="0" number="82"/>
						<line branch="true" condition-coverage="0% (0/2)" hits="0" missing-branches="84,85" number="83"/>
						<line hits="0" number="84"/>
						<line hits="0" number="85"/>
						<line hits="0" number="86"/>
						<line hits="0" number="88"/>
						<line branch="true" condition-coverage="0% (0/2)" hits="0" missing-branches="exit,91" number="90"/>
						<line hits="0" number="91"/>
						<line hits="0" number="92"/>
						<line branch="true" condition-coverage="0% (0/2)" hits="0" missing-branches="94,107" number="93"/>
						<line branch="true" condition-coverage="0% (0/2)" hits="0" missing-branches="95,96" number="94"/>
						<line hits="0" number="95"/>
						<line branch="true" condition-coverage="0% (0/2)" hits="0" missing-branches="97,98" number="96"/>
						<line hits="0" number="97"/>
						<line branch="true" condition-coverage="0% (0/2)" hits="0" missing-branches="99,100" number="98"/>
						<line hits="0" number="99"/>
						<line hits="0" number="100"/>
						<line hits="0" number="101"/>
						<line hits="0" number="104"/>
						<line hits="0" number="105"/>
						<line branch="true" condition-coverage="0% (0/2)" hits="0" missing-branches="108,119" number="107"/>
						<line branch="true" condition-coverage="0% (0/2)" hits="0" missing-branches="109,110" number="108"/>
						<line hits="0" number="109"/>
						<line branch="true" condition-coverage="0% (0/2)" hits="0" missing-branches="111,112" number="110"/>
						<line hits="0" number="111"/>
						<line branch="true" condition-coverage="0% (0/2)" hits="0" missing-branches="113,114" number="112"/>
						<line hits="0" number="113"/>
						<line hits="0" number="114"/>
						<line hits="0" number="115"/>
						<line hits="0" number="117"/>
						<line hits="0" number="118"/>
						<line hits="0" number="119"/>
						<line hits="1" number="122"/>
						<line branch="true" condition-coverage="0% (0/2)" hits="0" missing-branches="124,125" number="123"/>
						<line branch="true" condition-coverage="0% (0/2)" hits="0" missing-branches="exit,exit" number="124"/>
						<line hits="0" number="125"/>
						<line hits="1" number="128"/>
						<line branch="true" condition-coverage="0% (0/2)" hits="0" missing-branches="exit,216" number="215"/>
						<line hits="0" number="216"/>
						<line hits="0" number="217"/>
						<line hits="0" number="218"/>
						<line branch="true" condition-coverage="0% (0/2)" hits="0" missing-branches="222,224" number="221"/>
						<line hits="0" number="222"/>
						<line hits="0" number="224"/>
						<line hits="0" number="225"/>
						<line branch="true" condition-coverage="0% (0/2)" hits="0" missing-branches="227,231" number="226"/>
						<line branch="true" condition-coverage="0% (0/2)" hits="0" missing-branches="228,230" number="227"/>
						<line hits="0" number="228"/>
						<line hits="0" number="230"/>
						<line branch="true" condition-coverage="0% (0/2)" hits="0" missing-branches="232,237" number="231"/>
						<line branch="true" condition-coverage="0% (0/2)" hits="0" missing-branches="233,235" number="232"/>
						<line hits="0" number="233"/>
						<line hits="0" number="235"/>
						<line branch="true" condition-coverage="0% (0/2)" hits="0" missing-branches="238,244" number="237"/>
						<line branch="true" condition-coverage="0% (0/2)" hits="0" missing-branches="239,242" number="238"/>
						<line hits="0" number="239"/>
						<line hits="0" number="240"/>
						<line hits="0" number="242"/>
						<line hits="0" number="243"/>
						<line branch="true" condition-coverage="0% (0/2)" hits="0" missing-branches="245,249" number="244"/>
						<line branch="true" condition-coverage="0% (0/2)" hits="0" missing-branches="246,248" number="245"/>
						<line hits="0" number="246"/>
						<line hits="0" number="248"/>
						<line branch="true" condition-coverage="0% (0/2)" hits="0" missing-branches="250,259" number="249"/>
						<line branch="true" condition-coverage="0% (0/2)" hits="0" missing-branches="251,258" number="250"/>
						<line hits="0" number="251"/>
						<line hits="0" number="258"/>
						<line branch="true" condition-coverage="0% (0/2)" hits="0" missing-branches="260,277" number="259"/>
						<line branch="true" condition-coverage="0% (0/2)" hits="0" missing-branches="261,270" number="260"/>
						<line hits="0" number="261"/>
						<line hits="0" number="270"/>
						<line branch="true" condition-coverage="0% (0/2)" hits="0" missing-branches="278,283" number="277"/>
						<line hits="0" number="278"/>
						<line branch="true" condition-coverage="0% (0/2)" hits="0" missing-branches="284,299" number="283"/>
						<line branch="true" condition-coverage="0% (0/2)" hits="0" missing-branches="285,292" number="284"/>
						<line hits="0" number="285"/>
						<line branch="true" condition-coverage="0% (0/2)" hits="0" missing-branches="293,299" number="292"/>
						<line hits="0" number="293"/>
						<line branch="true" condition-coverage="0% (0/2)" hits="0" missing-branches="exit,300" number="299"/>
						<line branch="true" condition-coverage="0% (0/2)" hits="0" missing-branches="301,302" number="300"/>
						<line hits="0" number="301"/>
						<line hits="0" number="302"/>
						<line hits="1" number="309"/>
						<line branch="true" condition-coverage="0% (0/2)" hits="0" missing-branches="311,312" number="310"/>
						<line branch="true" condition-coverage="0% (0/2)" hits="0" missing-branches="exit,312" number="311"/>
						<line branch="true" condition-coverage="0% (0/2)" hits="0" missing-branches="exit,314" number="312"/>
						<line hits="0" number="314"/>
						<line hits="1" number="317"/>
						<line branch="true" condition-coverage="0% (0/2)" hits="0" missing-branches="exit,319" number="318"/>
						<line branch="true" condition-coverage="0% (0/2)" hits="0" missing-branches="318,320" number="319"/>
						<line hits="0" number="320"/>
					</lines>
				</class>
				<class branch-rate="0" complexity="0" filename="picture_reversed.py" line-rate="0" name="picture_reversed.py">
					<methods/>
					<lines>
						<line hits="0" number="1"/>
						<line hits="0" number="4"/>
						<line branch="true" condition-coverage="0% (0/2)" hits="0" missing-branches="7,8" number="6"/>
						<line hits="0" number="7"/>
						<line branch="true" condition-coverage="0% (0/2)" hits="0" missing-branches="9,10" number="8"/>
						<line hits="0" number="9"/>
						<line branch="true" condition-coverage="0% (0/2)" hits="0" missing-branches="11,12" number="10"/>
						<line hits="0" number="11"/>
						<line hits="0" number="12"/>
					</lines>
				</class>
				<class branch-rate="0.06897" complexity="0" filename="pie_chart_vis.py" line-rate="0.1875" name="pie_chart_vis.py">
					<methods/>
					<lines>
						<line hits="1" number="1"/>
						<line hits="1" number="2"/>
						<line hits="1" number="4"/>
						<line hits="1" number="6"/>
						<line hits="1" number="8"/>
						<line hits="1" number="10"/>
						<line branch="true" condition-coverage="100% (2/2)" hits="1" number="11"/>
						<line hits="1" number="14"/>
						<line branch="true" condition-coverage="100% (2/2)" hits="1" number="22"/>
						<line hits="1" number="23"/>
						<line hits="1" number="24"/>
						<line hits="1" number="27"/>
						<line branch="true" condition-coverage="0% (0/2)" hits="0" missing-branches="29,30" number="28"/>
						<line hits="0" number="29"/>
						<line hits="0" number="30"/>
						<line hits="0" number="31"/>
						<line hits="0" number="32"/>
						<line branch="true" condition-coverage="0% (0/2)" hits="0" missing-branches="34,35" number="33"/>
						<line hits="0" number="34"/>
						<line hits="0" number="35"/>
						<line hits="0" number="36"/>
						<line branch="true" condition-coverage="0% (0/2)" hits="0" missing-branches="exit,38" number="37"/>
						<line branch="true" condition-coverage="0% (0/2)" hits="0" missing-branches="exit,40" number="38"/>
						<line hits="0" number="40"/>
						<line hits="1" number="43"/>
						<line hits="0" number="44"/>
						<line hits="0" number="45"/>
						<line hits="1" number="48"/>
						<line hits="0" number="49"/>
						<line hits="0" number="50"/>
						<line branch="true" condition-coverage="0% (0/2)" hits="0" missing-branches="exit,52" number="51"/>
						<line branch="true" condition-coverage="0% (0/2)" hits="0" missing-branches="exit,53" number="52"/>
						<line hits="0" number="53"/>
						<line hits="0" number="55"/>
						<line hits="1" number="58"/>
						<line hits="0" number="59"/>
						<line hits="1" number="62"/>
						<line hits="0" number="66"/>
						<line branch="true" condition-coverage="0% (0/2)" hits="0" missing-branches="68,72" number="67"/>
						<line branch="true" condition-coverage="0% (0/2)" hits="0" missing-branches="69,71" number="68"/>
						<line hits="0" number="69"/>
						<line hits="0" number="71"/>
						<line branch="true" condition-coverage="0% (0/2)" hits="0" missing-branches="73,75" number="72"/>
						<line hits="0" number="73"/>
						<line hits="0" number="74"/>
						<line branch="true" condition-coverage="0% (0/2)" hits="0" missing-branches="76,77" number="75"/>
						<line hits="0" number="76"/>
						<line hits="0" number="77"/>
						<line branch="true" condition-coverage="0% (0/2)" hits="0" missing-branches="79,82" number="78"/>
						<line hits="0" number="79"/>
						<line hits="0" number="80"/>
						<line hits="0" number="82"/>
						<line hits="0" number="83"/>
						<line branch="true" condition-coverage="0% (0/2)" hits="0" missing-branches="85,95" number="84"/>
						<line branch="true" condition-coverage="0% (0/2)" hits="0" missing-branches="86,88" number="85"/>
						<line hits="0" number="86"/>
						<line branch="true" condition-coverage="0% (0/2)" hits="0" missing-branches="89,93" number="88"/>
						<line hits="0" number="89"/>
						<line hits="0" number="93"/>
						<line hits="0" number="95"/>
						<line branch="true" condition-coverage="0% (0/2)" hits="0" missing-branches="exit,97" number="96"/>
						<line branch="true" condition-coverage="0% (0/2)" hits="0" missing-branches="96,98" number="97"/>
						<line hits="0" number="98"/>
						<line hits="0" number="99"/>
						<line branch="true" condition-coverage="0% (0/2)" hits="0" missing-branches="101,102" number="100"/>
						<line hits="0" number="101"/>
						<line branch="true" condition-coverage="0% (0/2)" hits="0" missing-branches="103,105" number="102"/>
						<line hits="0" number="103"/>
						<line branch="true" condition-coverage="0% (0/2)" hits="0" missing-branches="97,106" number="105"/>
						<line hits="0" number="106"/>
						<line hits="1" number="110"/>
						<line hits="0" number="112"/>
						<line branch="true" condition-coverage="0% (0/2)" hits="0" missing-branches="114,115" number="113"/>
						<line hits="0" number="114"/>
						<line branch="true" condition-coverage="0% (0/2)" hits="0" missing-branches="116,119" number="115"/>
						<line branch="true" condition-coverage="0% (0/2)" hits="0" missing-branches="exit,117" number="116"/>
						<line hits="0" number="117"/>
						<line branch="true" condition-coverage="0% (0/2)" hits="0" missing-branches="120,127" number="119"/>
						<line hits="0" number="120"/>
						<line branch="true" condition-coverage="0% (0/2)" hits="0" missing-branches="122,123" number="121"/>
						<line hits="0" number="122"/>
						<line hits="0" number="123"/>
						<line hits="0" number="124"/>
						<line hits="0" number="127"/>
						<line branch="true" condition-coverage="0% (0/2)" hits="0" missing-branches="129,130" number="128"/>
						<line hits="0" number="129"/>
						<line hits="0" number="130"/>
						<line hits="1" number="135"/>
						<line branch="true" condition-coverage="0% (0/2)" hits="0" missing-branches="137,139" number="136"/>
						<line hits="0" number="137"/>
						<line hits="0" number="138"/>
						<line branch="true" condition-coverage="0% (0/2)" hits="0" missing-branches="140,142" number="139"/>
						<line hits="0" number="140"/>
						<line hits="0" number="141"/>
						<line hits="0" number="142"/>
						<line hits="0" number="145"/>
					</lines>
				</class>
				<class branch-rate="0" complexity="0" filename="scatterplot_matrix.py" line-rate="0" name="scatterplot_matrix.py">
					<methods/>
					<lines>
						<line hits="0" number="1"/>
						<line hits="0" number="2"/>
						<line hits="0" number="3"/>
						<line hits="0" number="4"/>
						<line hits="0" number="5"/>
						<line hits="0" number="6"/>
						<line hits="0" number="8"/>
						<line hits="0" number="10"/>
						<line hits="0" number="13"/>
						<line hits="0" number="15"/>
						<line branch="true" condition-coverage="0% (0/2)" hits="0" missing-branches="17,21" number="16"/>
						<line hits="0" number="17"/>
						<line hits="0" number="19"/>
						<line hits="0" number="20"/>
						<line hits="0" number="21"/>
						<line hits="0" number="24"/>
						<line hits="0" number="30"/>
						<line hits="0" number="31"/>
						<line hits="0" number="32"/>
						<line branch="true" condition-coverage="0% (0/2)" hits="0" missing-branches="35,49" number="33"/>
						<line hits="0" number="35"/>
						<line hits="0" number="36"/>
						<line branch="true" condition-coverage="0% (0/2)" hits="0" missing-branches="40,41" number="39"/>
						<line hits="0" number="40"/>
						<line branch="true" condition-coverage="0% (0/2)" hits="0" missing-branches="42,43" number="41"/>
						<line hits="0" number="42"/>
						<line branch="true" condition-coverage="0% (0/2)" hits="0" missing-branches="44,45" number="43"/>
						<line hits="0" number="44"/>
						<line branch="true" condition-coverage="0% (0/2)" hits="0" missing-branches="33,46" number="45"/>
						<line hits="0" number="46"/>
						<line hits="0" number="49"/>
						<line hits="0" number="50"/>
						<line branch="true" condition-coverage="0% (0/2)" hits="0" missing-branches="52,59" number="51"/>
						<line branch="true" condition-coverage="0% (0/2)" hits="0" missing-branches="51,53" number="52"/>
						<line hits="0" number="53"/>
						<line hits="0" number="54"/>
						<line hits="0" number="56"/>
						<line branch="true" condition-coverage="0% (0/2)" hits="0" missing-branches="60,64" number="59"/>
						<line hits="0" number="60"/>
						<line branch="true" condition-coverage="0% (0/2)" hits="0" missing-branches="65,68" number="64"/>
						<line hits="0" number="65"/>
						<line hits="0" number="66"/>
						<line hits="0" number="68"/>
					</lines>
				</class>
			</classes>
		</package>
	</packages>
</coverage>
